<?xml version="1.0" encoding="UTF-8"?>
<testng-results ignored="0" total="1" passed="1" failed="0" skipped="0">
  <reporter-output>
  </reporter-output>
  <suite started-at="2022-02-17T06:45:01Z" name="Default suite" finished-at="2022-02-17T06:45:06Z" duration-ms="4843">
    <groups>
    </groups>
    <test started-at="2022-02-17T06:45:01Z" name="Default test" finished-at="2022-02-17T06:45:06Z" duration-ms="4843">
      <class name="com.java.FirstTest">
        <test-method is-config="true" signature="beforeTest()[pri:0, instance:com.java.FirstTest@436c81a3]" started-at="2022-02-17T06:45:01Z" name="beforeTest" finished-at="2022-02-17T06:45:01Z" duration-ms="18" status="PASS">
          <reporter-output>
          </reporter-output>
        </test-method> <!-- beforeTest -->
        <test-method signature="googleTest()[pri:0, instance:com.java.FirstTest@436c81a3]" started-at="2022-02-17T06:45:01Z" name="googleTest" finished-at="2022-02-17T06:45:06Z" duration-ms="4640" status="PASS">
          <reporter-output>
          </reporter-output>
        </test-method> <!-- googleTest -->
        <test-method is-config="true" signature="afterTest()[pri:0, instance:com.java.FirstTest@436c81a3]" started-at="2022-02-17T06:45:06Z" name="afterTest" finished-at="2022-02-17T06:45:06Z" duration-ms="153" status="PASS">
          <reporter-output>
          </reporter-output>
        </test-method> <!-- afterTest -->
      </class> <!-- com.java.FirstTest -->
    </test> <!-- Default test -->
  </suite> <!-- Default suite -->
</testng-results>
